[2021-09-30T10:39:41.673] [DEBUG] cheese - login => username:zs,password:123456
[2021-09-30T10:39:41.675] [DEBUG] cheese - zs
[2021-09-30T10:39:41.685] [DEBUG] cheese - null
[2021-09-30T10:39:41.685] [DEBUG] cheese - null
[2021-09-30T11:06:50.670] [DEBUG] cheese - login => username:admin,password:123456
[2021-09-30T11:06:50.670] [DEBUG] cheese - admin
[2021-09-30T11:06:50.674] [DEBUG] cheese - null
[2021-09-30T11:06:50.674] [DEBUG] cheese - null
[2021-09-30T11:12:48.488] [DEBUG] cheese - login => username:admin,password:12345
[2021-09-30T11:12:48.489] [DEBUG] cheese - admin
[2021-09-30T11:12:48.492] [DEBUG] cheese - null
[2021-09-30T11:12:48.493] [DEBUG] cheese - null
[2021-09-30T11:35:27.389] [DEBUG] cheese - login => username:admin,password:123456
[2021-09-30T11:35:27.389] [DEBUG] cheese - admin
[2021-09-30T11:35:27.391] [DEBUG] cheese - null
[2021-09-30T11:35:27.391] [DEBUG] cheese - null
[2021-09-30T11:42:32.823] [DEBUG] cheese - login => username:zs,password:123456
[2021-09-30T11:42:32.824] [DEBUG] cheese - zs
[2021-09-30T11:42:32.828] [DEBUG] cheese - null
[2021-09-30T11:42:32.829] [DEBUG] cheese - null
[2021-09-30T11:42:46.245] [DEBUG] cheese - login => username:admin,password:123456
[2021-09-30T11:42:46.245] [DEBUG] cheese - admin
[2021-09-30T11:42:46.247] [DEBUG] cheese - null
[2021-09-30T11:42:46.247] [DEBUG] cheese - null
[2021-09-30T11:43:04.131] [DEBUG] cheese - login => username:admin,password:123456
[2021-09-30T11:43:04.132] [DEBUG] cheese - admin
[2021-09-30T11:43:04.135] [DEBUG] cheese - null
[2021-09-30T11:43:04.135] [DEBUG] cheese - null
[2021-10-03T14:53:06.209] [DEBUG] cheese - login => username:admin,password:123456
[2021-10-03T14:53:06.224] [DEBUG] cheese - admin
[2021-10-03T14:53:06.392] [DEBUG] cheese - null
[2021-10-03T14:53:06.394] [DEBUG] cheese - null
[2021-10-03T14:54:55.575] [DEBUG] cheese - login => username:zs1,password:2222424232
[2021-10-03T14:54:55.575] [DEBUG] cheese - zs1
[2021-10-03T14:54:55.579] [DEBUG] cheese - null
[2021-10-03T14:54:55.582] [DEBUG] cheese - null
[2021-10-03T14:56:28.592] [DEBUG] cheese - login => username:zs1,password:222212121
[2021-10-03T14:56:28.592] [DEBUG] cheese - zs1
[2021-10-03T14:56:28.595] [DEBUG] cheese - null
[2021-10-03T14:56:28.595] [DEBUG] cheese - null
[2021-10-03T14:58:12.675] [DEBUG] cheese - login => username:zs1,password:2221111
[2021-10-03T14:58:12.676] [DEBUG] cheese - zs1
[2021-10-03T14:58:12.679] [DEBUG] cheese - null
[2021-10-03T14:58:12.679] [DEBUG] cheese - null
[2021-10-03T14:58:20.634] [DEBUG] cheese - login => username:zs2,password:22222222
[2021-10-03T14:58:20.635] [DEBUG] cheese - zs2
[2021-10-03T14:58:20.637] [DEBUG] cheese - null
[2021-10-03T14:58:20.638] [DEBUG] cheese - null
[2021-10-03T14:59:57.549] [DEBUG] cheese - login => username:zs1,password:2222222
[2021-10-03T14:59:57.550] [DEBUG] cheese - zs1
[2021-10-03T14:59:57.552] [DEBUG] cheese - null
[2021-10-03T14:59:57.552] [DEBUG] cheese - null
[2021-10-03T15:00:18.883] [DEBUG] cheese - login => username:admin,password:123456
[2021-10-03T15:00:18.883] [DEBUG] cheese - admin
[2021-10-03T15:00:18.888] [DEBUG] cheese - null
[2021-10-03T15:00:18.888] [DEBUG] cheese - null
[2021-10-03T15:00:25.838] [DEBUG] cheese - login => username:admin,password:123456
[2021-10-03T15:00:25.838] [DEBUG] cheese - admin
[2021-10-03T15:00:25.842] [DEBUG] cheese - null
[2021-10-03T15:00:25.842] [DEBUG] cheese - null
[2021-10-03T15:00:27.980] [DEBUG] cheese - login => username:admin,password:1234562
[2021-10-03T15:00:27.980] [DEBUG] cheese - admin
[2021-10-03T15:00:27.985] [DEBUG] cheese - null
[2021-10-03T15:00:27.986] [DEBUG] cheese - null
[2021-10-03T15:08:48.881] [DEBUG] cheese - login => username:zs2,password:222212111
[2021-10-03T15:08:48.881] [DEBUG] cheese - zs2
[2021-10-03T15:08:48.884] [DEBUG] cheese - null
[2021-10-03T15:08:48.885] [DEBUG] cheese - null
[2021-10-03T15:08:57.853] [DEBUG] cheese - login => username:admin,password:123456
[2021-10-03T15:08:57.853] [DEBUG] cheese - admin
[2021-10-03T15:08:57.857] [DEBUG] cheese - null
[2021-10-03T15:08:57.857] [DEBUG] cheese - null
[2021-10-03T15:17:35.084] [DEBUG] cheese - login => username:admin,password:123456
[2021-10-03T15:17:35.085] [DEBUG] cheese - admin
[2021-10-03T15:17:35.090] [DEBUG] cheese - null
[2021-10-03T15:17:35.091] [DEBUG] cheese - null
[2021-10-03T15:20:02.747] [DEBUG] cheese - login => username:admin,password:123456
[2021-10-03T15:20:02.748] [DEBUG] cheese - admin
[2021-10-03T15:20:02.752] [DEBUG] cheese - null
[2021-10-03T15:20:02.752] [DEBUG] cheese - null
[2021-10-03T15:23:19.218] [DEBUG] cheese - login => username:admin,password:123456
[2021-10-03T15:23:19.218] [DEBUG] cheese - admin
[2021-10-03T15:23:19.223] [DEBUG] cheese - null
[2021-10-03T15:23:19.223] [DEBUG] cheese - null
[2021-10-03T15:23:49.869] [DEBUG] cheese - login => username:admin,password:123456
[2021-10-03T15:23:49.869] [DEBUG] cheese - admin
[2021-10-03T15:23:49.874] [DEBUG] cheese - null
[2021-10-03T15:23:49.874] [DEBUG] cheese - null
[2021-10-03T15:40:23.364] [DEBUG] cheese - login => username:admin,password:123456
[2021-10-03T15:40:23.364] [DEBUG] cheese - admin
[2021-10-03T15:40:23.369] [DEBUG] cheese - null
[2021-10-03T15:40:23.369] [DEBUG] cheese - null
[2021-10-03T15:42:32.929] [DEBUG] cheese - login => username:admin,password:123456
[2021-10-03T15:42:32.929] [DEBUG] cheese - admin
[2021-10-03T15:42:32.932] [DEBUG] cheese - null
[2021-10-03T15:42:32.932] [DEBUG] cheese - null
[2021-10-04T09:07:42.264] [DEBUG] cheese - login => username:admin,password:123456
[2021-10-04T09:07:42.265] [DEBUG] cheese - admin
[2021-10-04T09:07:42.310] [DEBUG] cheese - null
[2021-10-04T09:07:42.310] [DEBUG] cheese - null
[2021-10-04T10:39:28.288] [DEBUG] cheese - login => username:admin,password:123456
[2021-10-04T10:39:28.289] [DEBUG] cheese - admin
[2021-10-04T10:39:28.296] [DEBUG] cheese - null
[2021-10-04T10:39:28.296] [DEBUG] cheese - null
[2021-10-04T10:45:30.593] [DEBUG] cheese - login => username:admin,password:123456
[2021-10-04T10:45:30.593] [DEBUG] cheese - admin
[2021-10-04T10:45:30.597] [DEBUG] cheese - null
[2021-10-04T10:45:30.597] [DEBUG] cheese - null
[2021-10-04T10:45:48.968] [DEBUG] cheese - login => username:admin,password:123456
[2021-10-04T10:45:48.968] [DEBUG] cheese - admin
[2021-10-04T10:45:48.971] [DEBUG] cheese - null
[2021-10-04T10:45:48.971] [DEBUG] cheese - null
[2021-10-04T10:45:57.862] [DEBUG] cheese - login => username:admin,password:123456
[2021-10-04T10:45:57.862] [DEBUG] cheese - admin
[2021-10-04T10:45:57.867] [DEBUG] cheese - null
[2021-10-04T10:45:57.868] [DEBUG] cheese - null
[2021-10-04T10:46:32.251] [DEBUG] cheese - login => username:admin,password:123456
[2021-10-04T10:46:32.251] [DEBUG] cheese - admin
[2021-10-04T10:46:32.253] [DEBUG] cheese - null
[2021-10-04T10:46:32.254] [DEBUG] cheese - null
[2021-10-04T10:49:08.925] [DEBUG] cheese - login => username:admin,password:123456
[2021-10-04T10:49:08.925] [DEBUG] cheese - admin
[2021-10-04T10:49:08.927] [DEBUG] cheese - null
[2021-10-04T10:49:08.927] [DEBUG] cheese - null
[2021-10-04T13:54:42.941] [DEBUG] cheese - login => username:admin,password:123456
[2021-10-04T13:54:42.941] [DEBUG] cheese - admin
[2021-10-04T13:54:42.946] [DEBUG] cheese - null
[2021-10-04T13:54:42.947] [DEBUG] cheese - null
[2021-10-04T15:07:27.864] [DEBUG] cheese - login => username:admin,password:123456
[2021-10-04T15:07:27.864] [DEBUG] cheese - admin
[2021-10-04T15:07:27.868] [DEBUG] cheese - null
[2021-10-04T15:07:27.868] [DEBUG] cheese - null
[2021-10-04T15:31:19.362] [DEBUG] cheese - login => username:admin,password:123456
[2021-10-04T15:31:19.363] [DEBUG] cheese - admin
[2021-10-04T15:31:19.365] [DEBUG] cheese - null
[2021-10-04T15:31:19.365] [DEBUG] cheese - null
[2021-10-04T17:08:25.006] [DEBUG] cheese - login => username:admin,password:123456
[2021-10-04T17:08:25.006] [DEBUG] cheese - admin
[2021-10-04T17:08:25.011] [DEBUG] cheese - null
[2021-10-04T17:08:25.011] [DEBUG] cheese - null
[2021-10-05T08:35:28.528] [DEBUG] cheese - login => username:admin,password:123456
[2021-10-05T08:35:28.529] [DEBUG] cheese - admin
[2021-10-05T08:35:28.578] [DEBUG] cheese - null
[2021-10-05T08:35:28.579] [DEBUG] cheese - null
[2021-10-05T11:08:40.868] [DEBUG] cheese - login => username:admin,password:123456
[2021-10-05T11:08:40.868] [DEBUG] cheese - admin
[2021-10-05T11:08:40.879] [DEBUG] cheese - null
[2021-10-05T11:08:40.879] [DEBUG] cheese - null
[2021-10-05T11:09:01.619] [DEBUG] cheese - login => username:admin,password:123456
[2021-10-05T11:09:01.619] [DEBUG] cheese - admin
[2021-10-05T11:09:01.621] [DEBUG] cheese - null
[2021-10-05T11:09:01.621] [DEBUG] cheese - null
[2021-10-08T10:15:16.204] [DEBUG] cheese - login => username:admin,password:123456
[2021-10-08T10:15:16.205] [DEBUG] cheese - admin
[2021-10-08T10:15:16.262] [DEBUG] cheese - null
[2021-10-08T10:15:16.263] [DEBUG] cheese - null
[2021-10-19T11:20:52.118] [DEBUG] cheese - login => username:admin,password:123456
[2021-10-19T11:20:52.120] [DEBUG] cheese - admin
[2021-10-19T11:20:52.179] [DEBUG] cheese - null
[2021-10-19T11:20:52.180] [DEBUG] cheese - null
[2021-10-19T11:23:33.392] [DEBUG] cheese - login => username:admin,password:123456
[2021-10-19T11:23:33.392] [DEBUG] cheese - admin
[2021-10-19T11:23:33.393] [DEBUG] cheese - null
[2021-10-19T11:23:33.393] [DEBUG] cheese - null
[2021-10-19T11:25:40.232] [DEBUG] cheese - login => username:admin,password:123456
[2021-10-19T11:25:40.232] [DEBUG] cheese - admin
[2021-10-19T11:25:40.235] [DEBUG] cheese - null
[2021-10-19T11:25:40.235] [DEBUG] cheese - null
[2021-10-19T11:40:51.189] [DEBUG] cheese - login => username:admin,password:123456
[2021-10-19T11:40:51.190] [DEBUG] cheese - admin
[2021-10-19T11:40:51.191] [DEBUG] cheese - null
[2021-10-19T11:40:51.192] [DEBUG] cheese - null
[2021-10-19T13:40:18.961] [DEBUG] cheese - login => username:admin,password:123456
[2021-10-19T13:40:18.961] [DEBUG] cheese - admin
[2021-10-19T13:40:18.965] [DEBUG] cheese - null
[2021-10-19T13:40:18.965] [DEBUG] cheese - null
[2021-10-19T14:02:01.379] [DEBUG] cheese - login => username:admin,password:123456
[2021-10-19T14:02:01.384] [DEBUG] cheese - admin
[2021-10-19T14:02:01.386] [DEBUG] cheese - null
[2021-10-19T14:02:01.386] [DEBUG] cheese - null
[2021-10-19T14:44:48.519] [DEBUG] cheese - login => username:admin,password:123456
[2021-10-19T14:44:48.525] [DEBUG] cheese - admin
[2021-10-19T14:44:48.532] [DEBUG] cheese - null
[2021-10-19T14:44:48.532] [DEBUG] cheese - null
[2021-10-19T15:04:02.241] [DEBUG] cheese - login => username:admin,password:123456
[2021-10-19T15:04:02.241] [DEBUG] cheese - admin
[2021-10-19T15:04:02.250] [DEBUG] cheese - null
[2021-10-19T15:04:02.251] [DEBUG] cheese - null
[2021-10-19T16:28:43.644] [DEBUG] cheese - login => username:admin,password:123456
[2021-10-19T16:28:43.644] [DEBUG] cheese - admin
[2021-10-19T16:28:43.647] [DEBUG] cheese - null
[2021-10-19T16:28:43.647] [DEBUG] cheese - null
[2021-10-21T11:18:11.589] [DEBUG] cheese - login => username:admin,password:123456
[2021-10-21T11:18:11.590] [DEBUG] cheese - admin
[2021-10-21T11:18:11.640] [DEBUG] cheese - null
[2021-10-21T11:18:11.641] [DEBUG] cheese - null
[2021-10-21T11:19:39.988] [DEBUG] cheese - login => username:admin,password:123456
[2021-10-21T11:19:39.988] [DEBUG] cheese - admin
[2021-10-21T11:19:39.990] [DEBUG] cheese - null
[2021-10-21T11:19:39.990] [DEBUG] cheese - null
[2021-10-21T18:02:04.856] [DEBUG] cheese - login => username:admin,password:123456
[2021-10-21T18:02:04.858] [DEBUG] cheese - admin
[2021-10-21T18:02:04.882] [DEBUG] cheese - null
[2021-10-21T18:02:04.883] [DEBUG] cheese - null
[2021-10-23T10:26:36.788] [DEBUG] cheese - login => username:admin,password:123456
[2021-10-23T10:26:36.789] [DEBUG] cheese - admin
[2021-10-23T10:26:36.837] [DEBUG] cheese - null
[2021-10-23T10:26:36.838] [DEBUG] cheese - null
[2021-10-24T09:02:00.187] [DEBUG] cheese - login => username:admin,password:123456
[2021-10-24T09:02:00.188] [DEBUG] cheese - admin
[2021-10-24T09:02:00.244] [DEBUG] cheese - null
[2021-10-24T09:02:00.244] [DEBUG] cheese - null
[2021-10-25T10:39:56.293] [DEBUG] cheese - login => username:admin,password:123456
[2021-10-25T10:39:56.294] [DEBUG] cheese - admin
[2021-10-25T10:39:56.379] [DEBUG] cheese - null
[2021-10-25T10:39:56.379] [DEBUG] cheese - null
[2021-10-26T19:36:15.397] [DEBUG] cheese - login => username:admin,password:123456
[2021-10-26T19:36:15.399] [DEBUG] cheese - admin
[2021-10-26T19:36:15.560] [DEBUG] cheese - null
[2021-10-26T19:36:15.560] [DEBUG] cheese - null
[2021-10-26T19:36:27.359] [DEBUG] cheese - login => username:admin,password:123456
[2021-10-26T19:36:27.359] [DEBUG] cheese - admin
[2021-10-26T19:36:27.361] [DEBUG] cheese - null
[2021-10-26T19:36:27.361] [DEBUG] cheese - null
[2021-11-05T13:55:26.377] [DEBUG] cheese - login => username:admin,password:123456
[2021-11-05T13:55:26.378] [DEBUG] cheese - admin
[2021-11-05T13:55:26.444] [DEBUG] cheese - null
[2021-11-05T13:55:26.444] [DEBUG] cheese - null
[2021-11-05T15:17:14.837] [DEBUG] cheese - null
[2021-11-05T15:18:10.646] [DEBUG] cheese - null
[2021-11-05T15:29:44.709] [DEBUG] cheese - login => username:admin,password:123456
[2021-11-05T15:29:44.711] [DEBUG] cheese - admin
[2021-11-05T15:29:44.713] [DEBUG] cheese - login => username:admin,password:123456
[2021-11-05T15:29:44.713] [DEBUG] cheese - admin
[2021-11-05T15:29:44.714] [DEBUG] cheese - login => username:admin,password:123456
[2021-11-05T15:29:44.714] [DEBUG] cheese - admin
[2021-11-05T15:29:44.716] [DEBUG] cheese - login => username:admin,password:123456
[2021-11-05T15:29:44.716] [DEBUG] cheese - admin
[2021-11-05T15:29:44.718] [DEBUG] cheese - null
[2021-11-05T15:30:13.991] [DEBUG] cheese - login => username:admin,password:123456
[2021-11-05T15:30:13.992] [DEBUG] cheese - admin
[2021-11-05T15:30:14.000] [DEBUG] cheese - null
[2021-11-05T15:30:14.001] [DEBUG] cheese - null
[2021-11-05T15:31:23.265] [DEBUG] cheese - null
[2021-11-05T17:59:10.697] [DEBUG] cheese - null
[2021-11-05T17:59:16.389] [DEBUG] cheese - null
[2021-11-05T18:00:47.095] [DEBUG] cheese - null
[2021-11-05T18:08:38.603] [DEBUG] cheese - null
[2021-11-05T18:12:02.074] [DEBUG] cheese - null
[2021-11-05T18:12:07.617] [DEBUG] cheese - null
[2021-11-05T18:14:52.790] [DEBUG] cheese - null
[2021-11-05T18:14:56.492] [DEBUG] cheese - null
[2021-11-05T18:14:59.279] [DEBUG] cheese - null
[2021-11-06T12:26:07.731] [DEBUG] cheese - login => username:admin,password:123456
[2021-11-06T12:26:07.733] [DEBUG] cheese - admin
[2021-11-06T12:26:07.796] [DEBUG] cheese - null
[2021-11-06T12:26:07.797] [DEBUG] cheese - null
[2021-11-07T11:50:13.408] [DEBUG] cheese - login => username:admin,password:123456
[2021-11-07T11:50:13.409] [DEBUG] cheese - admin
[2021-11-07T11:50:13.459] [DEBUG] cheese - null
[2021-11-07T11:50:13.459] [DEBUG] cheese - null
[2021-11-08T09:11:19.686] [DEBUG] cheese - login => username:admin,password:123456
[2021-11-08T09:11:19.688] [DEBUG] cheese - admin
[2021-11-08T09:11:19.739] [DEBUG] cheese - null
[2021-11-08T09:11:19.740] [DEBUG] cheese - null
[2021-11-08T19:33:24.350] [DEBUG] cheese - login => username:admin,password:123456
[2021-11-08T19:33:24.356] [DEBUG] cheese - admin
[2021-11-08T19:33:24.363] [DEBUG] cheese - null
[2021-11-08T19:33:24.364] [DEBUG] cheese - null
[2021-11-09T08:56:51.198] [DEBUG] cheese - login => username:admin,password:123456
[2021-11-09T08:56:51.199] [DEBUG] cheese - admin
[2021-11-09T08:56:51.233] [DEBUG] cheese - null
[2021-11-09T08:56:51.233] [DEBUG] cheese - null
[2021-11-10T14:45:13.164] [DEBUG] cheese - login => username:admin,password:123456
[2021-11-10T14:45:13.165] [DEBUG] cheese - admin
[2021-11-10T14:45:13.255] [DEBUG] cheese - null
[2021-11-10T14:45:13.256] [DEBUG] cheese - null
[2021-11-10T16:43:04.481] [DEBUG] cheese - login => username:admin,password:123456
[2021-11-10T16:43:04.483] [DEBUG] cheese - admin
[2021-11-10T16:43:04.498] [DEBUG] cheese - null
[2021-11-10T16:43:04.498] [DEBUG] cheese - null
[2021-11-10T16:43:15.704] [DEBUG] cheese - login => username:admin,password:123456
[2021-11-10T16:43:15.705] [DEBUG] cheese - admin
[2021-11-10T16:43:15.707] [DEBUG] cheese - null
[2021-11-10T16:43:15.707] [DEBUG] cheese - null
[2021-11-10T16:55:53.640] [DEBUG] cheese - login => username:admin,password:123456
[2021-11-10T16:55:53.640] [DEBUG] cheese - admin
[2021-11-10T16:55:53.641] [DEBUG] cheese - null
[2021-11-10T16:55:53.641] [DEBUG] cheese - null
[2021-11-11T10:24:09.856] [DEBUG] cheese - login => username:admin,password:123456
[2021-11-11T10:24:09.858] [DEBUG] cheese - admin
[2021-11-11T10:24:09.911] [DEBUG] cheese - null
[2021-11-11T10:24:09.911] [DEBUG] cheese - null
[2021-11-11T15:18:36.040] [DEBUG] cheese - null
[2021-11-11T20:10:30.776] [DEBUG] cheese - login => username:admin,password:123456
[2021-11-11T20:10:30.889] [DEBUG] cheese - admin
[2021-11-11T20:10:30.937] [DEBUG] cheese - null
[2021-11-11T20:10:30.939] [DEBUG] cheese - null
[2021-11-12T09:23:59.138] [DEBUG] cheese - login => username:admin,password:123456
[2021-11-12T09:23:59.139] [DEBUG] cheese - admin
[2021-11-12T09:23:59.200] [DEBUG] cheese - null
[2021-11-12T09:23:59.200] [DEBUG] cheese - null
[2021-11-12T09:24:36.740] [DEBUG] cheese - login => username:admin,password:123456
[2021-11-12T09:24:36.740] [DEBUG] cheese - admin
[2021-11-12T09:24:36.742] [DEBUG] cheese - null
[2021-11-12T09:24:36.742] [DEBUG] cheese - null
[2021-11-12T10:59:01.337] [DEBUG] cheese - login => username:admin,password:123456
[2021-11-12T10:59:01.338] [DEBUG] cheese - admin
[2021-11-12T10:59:01.367] [DEBUG] cheese - null
[2021-11-12T10:59:01.367] [DEBUG] cheese - null
[2021-11-12T11:23:35.515] [DEBUG] cheese - login => username:admin,password:123456
[2021-11-12T11:23:35.516] [DEBUG] cheese - admin
[2021-11-12T11:23:35.519] [DEBUG] cheese - null
[2021-11-12T11:23:35.519] [DEBUG] cheese - null
[2021-11-12T12:03:33.306] [DEBUG] cheese - login => username:admin,password:123456
[2021-11-12T12:03:33.306] [DEBUG] cheese - admin
[2021-11-12T12:03:33.314] [DEBUG] cheese - null
[2021-11-12T12:03:33.315] [DEBUG] cheese - null
[2021-11-12T13:26:47.263] [DEBUG] cheese - login => username:admin,password:123456
[2021-11-12T13:26:47.265] [DEBUG] cheese - admin
[2021-11-12T13:26:47.270] [DEBUG] cheese - null
[2021-11-12T13:26:47.271] [DEBUG] cheese - null
[2021-11-12T13:29:13.713] [DEBUG] cheese - login => username:admin,password:123456
[2021-11-12T13:29:13.713] [DEBUG] cheese - admin
[2021-11-12T13:29:13.716] [DEBUG] cheese - null
[2021-11-12T13:29:13.717] [DEBUG] cheese - null
[2021-11-12T13:31:18.200] [DEBUG] cheese - login => username:admin,password:123456
[2021-11-12T13:31:18.201] [DEBUG] cheese - admin
[2021-11-12T13:31:18.207] [DEBUG] cheese - null
[2021-11-12T13:31:18.207] [DEBUG] cheese - null
[2021-11-12T13:38:37.388] [DEBUG] cheese - login => username:admin,password:123456
[2021-11-12T13:38:37.388] [DEBUG] cheese - admin
[2021-11-12T13:38:37.390] [DEBUG] cheese - null
[2021-11-12T13:38:37.390] [DEBUG] cheese - null
[2021-11-12T13:39:26.895] [DEBUG] cheese - login => username:admin,password:123456
[2021-11-12T13:39:26.895] [DEBUG] cheese - admin
[2021-11-12T13:39:26.897] [DEBUG] cheese - null
[2021-11-12T13:39:26.897] [DEBUG] cheese - null
[2021-11-12T13:40:25.996] [DEBUG] cheese - login => username:admin,password:123456
[2021-11-12T13:40:25.996] [DEBUG] cheese - admin
[2021-11-12T13:40:25.998] [DEBUG] cheese - null
[2021-11-12T13:40:25.998] [DEBUG] cheese - null
[2021-11-12T14:26:09.168] [DEBUG] cheese - login => username:admin,password:123456
[2021-11-12T14:26:09.168] [DEBUG] cheese - admin
[2021-11-12T14:26:09.172] [DEBUG] cheese - null
[2021-11-12T14:26:09.172] [DEBUG] cheese - null
[2021-11-12T16:28:33.522] [DEBUG] cheese - login => username:admin,password:123456
[2021-11-12T16:28:33.523] [DEBUG] cheese - admin
[2021-11-12T16:28:33.545] [DEBUG] cheese - null
[2021-11-12T16:28:33.545] [DEBUG] cheese - null
[2021-11-12T16:40:19.639] [DEBUG] cheese - null
[2021-11-12T16:48:22.043] [DEBUG] cheese - login => username:admin,password:123456
[2021-11-12T16:48:22.043] [DEBUG] cheese - admin
[2021-11-12T16:48:22.045] [DEBUG] cheese - null
[2021-11-12T16:48:22.045] [DEBUG] cheese - null
